ERROR - 2023-09-25 04:15:41 --> mysqli_sql_exception: Unknown column 'playlist_id' in 'where clause' in C:\laragon\www\rence_Appdev_MusicPlayer\system\Database\MySQLi\Connection.php:306
Stack trace:
#0 C:\laragon\www\rence_Appdev_MusicPlayer\system\Database\MySQLi\Connection.php(306): mysqli->query('SELECT *\nFROM `...', 0)
#1 C:\laragon\www\rence_Appdev_MusicPlayer\system\Database\BaseConnection.php(692): CodeIgniter\Database\MySQLi\Connection->execute('SELECT *\nFROM `...')
#2 C:\laragon\www\rence_Appdev_MusicPlayer\system\Database\BaseConnection.php(606): CodeIgniter\Database\BaseConnection->simpleQuery('SELECT *\nFROM `...')
#3 C:\laragon\www\rence_Appdev_MusicPlayer\system\Database\BaseBuilder.php(1615): CodeIgniter\Database\BaseConnection->query('SELECT *\nFROM `...', Array, false)
#4 C:\laragon\www\rence_Appdev_MusicPlayer\system\Model.php(237): CodeIgniter\Database\BaseBuilder->get()
#5 C:\laragon\www\rence_Appdev_MusicPlayer\system\BaseModel.php(624): CodeIgniter\Model->doFindAll(0, 0)
#6 C:\laragon\www\rence_Appdev_MusicPlayer\app\Controllers\MusicController.php(106): CodeIgniter\BaseModel->findAll()
#7 C:\laragon\www\rence_Appdev_MusicPlayer\system\CodeIgniter.php(919): App\Controllers\MusicController->getPlaylistMusic()
#8 C:\laragon\www\rence_Appdev_MusicPlayer\system\CodeIgniter.php(494): CodeIgniter\CodeIgniter->runController(Object(App\Controllers\MusicController))
#9 C:\laragon\www\rence_Appdev_MusicPlayer\system\CodeIgniter.php(353): CodeIgniter\CodeIgniter->handleRequest(NULL, Object(Config\Cache), false)
#10 C:\laragon\www\rence_Appdev_MusicPlayer\public\index.php(79): CodeIgniter\CodeIgniter->run()
#11 C:\laragon\www\rence_Appdev_MusicPlayer\system\Commands\Server\rewrite.php(47): require_once('C:\\laragon\\www\\...')
#12 {main}
CRITICAL - 2023-09-25 04:15:41 --> Unknown column 'playlist_id' in 'where clause'
in SYSTEMPATH\Database\BaseConnection.php on line 646.
 1 SYSTEMPATH\Database\BaseBuilder.php(1615): CodeIgniter\Database\BaseConnection->query('SELECT *
FROM `music_tracks`
WHERE `playlist_id` = :playlist_id:', [...], false)
 2 SYSTEMPATH\Model.php(237): CodeIgniter\Database\BaseBuilder->get()
 3 SYSTEMPATH\BaseModel.php(624): CodeIgniter\Model->doFindAll(0, 0)
 4 APPPATH\Controllers\MusicController.php(106): CodeIgniter\BaseModel->findAll()
 5 SYSTEMPATH\CodeIgniter.php(919): App\Controllers\MusicController->getPlaylistMusic()
 6 SYSTEMPATH\CodeIgniter.php(494): CodeIgniter\CodeIgniter->runController(Object(App\Controllers\MusicController))
 7 SYSTEMPATH\CodeIgniter.php(353): CodeIgniter\CodeIgniter->handleRequest(null, Object(Config\Cache), false)
 8 FCPATH\index.php(79): CodeIgniter\CodeIgniter->run()
 9 SYSTEMPATH\Commands\Server\rewrite.php(47): require_once('C:\\laragon\\www\\rence_Appdev_MusicPlayer\\public\\index.php')
ERROR - 2023-09-25 04:15:42 --> mysqli_sql_exception: Unknown column 'playlist_id' in 'where clause' in C:\laragon\www\rence_Appdev_MusicPlayer\system\Database\MySQLi\Connection.php:306
Stack trace:
#0 C:\laragon\www\rence_Appdev_MusicPlayer\system\Database\MySQLi\Connection.php(306): mysqli->query('SELECT *\nFROM `...', 0)
#1 C:\laragon\www\rence_Appdev_MusicPlayer\system\Database\BaseConnection.php(692): CodeIgniter\Database\MySQLi\Connection->execute('SELECT *\nFROM `...')
#2 C:\laragon\www\rence_Appdev_MusicPlayer\system\Database\BaseConnection.php(606): CodeIgniter\Database\BaseConnection->simpleQuery('SELECT *\nFROM `...')
#3 C:\laragon\www\rence_Appdev_MusicPlayer\system\Database\BaseBuilder.php(1615): CodeIgniter\Database\BaseConnection->query('SELECT *\nFROM `...', Array, false)
#4 C:\laragon\www\rence_Appdev_MusicPlayer\system\Model.php(237): CodeIgniter\Database\BaseBuilder->get()
#5 C:\laragon\www\rence_Appdev_MusicPlayer\system\BaseModel.php(624): CodeIgniter\Model->doFindAll(0, 0)
#6 C:\laragon\www\rence_Appdev_MusicPlayer\app\Controllers\MusicController.php(106): CodeIgniter\BaseModel->findAll()
#7 C:\laragon\www\rence_Appdev_MusicPlayer\system\CodeIgniter.php(919): App\Controllers\MusicController->getPlaylistMusic()
#8 C:\laragon\www\rence_Appdev_MusicPlayer\system\CodeIgniter.php(494): CodeIgniter\CodeIgniter->runController(Object(App\Controllers\MusicController))
#9 C:\laragon\www\rence_Appdev_MusicPlayer\system\CodeIgniter.php(353): CodeIgniter\CodeIgniter->handleRequest(NULL, Object(Config\Cache), false)
#10 C:\laragon\www\rence_Appdev_MusicPlayer\public\index.php(79): CodeIgniter\CodeIgniter->run()
#11 C:\laragon\www\rence_Appdev_MusicPlayer\system\Commands\Server\rewrite.php(47): require_once('C:\\laragon\\www\\...')
#12 {main}
CRITICAL - 2023-09-25 04:15:42 --> Unknown column 'playlist_id' in 'where clause'
in SYSTEMPATH\Database\BaseConnection.php on line 646.
 1 SYSTEMPATH\Database\BaseBuilder.php(1615): CodeIgniter\Database\BaseConnection->query('SELECT *
FROM `music_tracks`
WHERE `playlist_id` = :playlist_id:', [...], false)
 2 SYSTEMPATH\Model.php(237): CodeIgniter\Database\BaseBuilder->get()
 3 SYSTEMPATH\BaseModel.php(624): CodeIgniter\Model->doFindAll(0, 0)
 4 APPPATH\Controllers\MusicController.php(106): CodeIgniter\BaseModel->findAll()
 5 SYSTEMPATH\CodeIgniter.php(919): App\Controllers\MusicController->getPlaylistMusic()
 6 SYSTEMPATH\CodeIgniter.php(494): CodeIgniter\CodeIgniter->runController(Object(App\Controllers\MusicController))
 7 SYSTEMPATH\CodeIgniter.php(353): CodeIgniter\CodeIgniter->handleRequest(null, Object(Config\Cache), false)
 8 FCPATH\index.php(79): CodeIgniter\CodeIgniter->run()
 9 SYSTEMPATH\Commands\Server\rewrite.php(47): require_once('C:\\laragon\\www\\rence_Appdev_MusicPlayer\\public\\index.php')
ERROR - 2023-09-25 04:15:42 --> mysqli_sql_exception: Unknown column 'playlist_id' in 'where clause' in C:\laragon\www\rence_Appdev_MusicPlayer\system\Database\MySQLi\Connection.php:306
Stack trace:
#0 C:\laragon\www\rence_Appdev_MusicPlayer\system\Database\MySQLi\Connection.php(306): mysqli->query('SELECT *\nFROM `...', 0)
#1 C:\laragon\www\rence_Appdev_MusicPlayer\system\Database\BaseConnection.php(692): CodeIgniter\Database\MySQLi\Connection->execute('SELECT *\nFROM `...')
#2 C:\laragon\www\rence_Appdev_MusicPlayer\system\Database\BaseConnection.php(606): CodeIgniter\Database\BaseConnection->simpleQuery('SELECT *\nFROM `...')
#3 C:\laragon\www\rence_Appdev_MusicPlayer\system\Database\BaseBuilder.php(1615): CodeIgniter\Database\BaseConnection->query('SELECT *\nFROM `...', Array, false)
#4 C:\laragon\www\rence_Appdev_MusicPlayer\system\Model.php(237): CodeIgniter\Database\BaseBuilder->get()
#5 C:\laragon\www\rence_Appdev_MusicPlayer\system\BaseModel.php(624): CodeIgniter\Model->doFindAll(0, 0)
#6 C:\laragon\www\rence_Appdev_MusicPlayer\app\Controllers\MusicController.php(106): CodeIgniter\BaseModel->findAll()
#7 C:\laragon\www\rence_Appdev_MusicPlayer\system\CodeIgniter.php(919): App\Controllers\MusicController->getPlaylistMusic()
#8 C:\laragon\www\rence_Appdev_MusicPlayer\system\CodeIgniter.php(494): CodeIgniter\CodeIgniter->runController(Object(App\Controllers\MusicController))
#9 C:\laragon\www\rence_Appdev_MusicPlayer\system\CodeIgniter.php(353): CodeIgniter\CodeIgniter->handleRequest(NULL, Object(Config\Cache), false)
#10 C:\laragon\www\rence_Appdev_MusicPlayer\public\index.php(79): CodeIgniter\CodeIgniter->run()
#11 C:\laragon\www\rence_Appdev_MusicPlayer\system\Commands\Server\rewrite.php(47): require_once('C:\\laragon\\www\\...')
#12 {main}
CRITICAL - 2023-09-25 04:15:42 --> Unknown column 'playlist_id' in 'where clause'
in SYSTEMPATH\Database\BaseConnection.php on line 646.
 1 SYSTEMPATH\Database\BaseBuilder.php(1615): CodeIgniter\Database\BaseConnection->query('SELECT *
FROM `music_tracks`
WHERE `playlist_id` = :playlist_id:', [...], false)
 2 SYSTEMPATH\Model.php(237): CodeIgniter\Database\BaseBuilder->get()
 3 SYSTEMPATH\BaseModel.php(624): CodeIgniter\Model->doFindAll(0, 0)
 4 APPPATH\Controllers\MusicController.php(106): CodeIgniter\BaseModel->findAll()
 5 SYSTEMPATH\CodeIgniter.php(919): App\Controllers\MusicController->getPlaylistMusic()
 6 SYSTEMPATH\CodeIgniter.php(494): CodeIgniter\CodeIgniter->runController(Object(App\Controllers\MusicController))
 7 SYSTEMPATH\CodeIgniter.php(353): CodeIgniter\CodeIgniter->handleRequest(null, Object(Config\Cache), false)
 8 FCPATH\index.php(79): CodeIgniter\CodeIgniter->run()
 9 SYSTEMPATH\Commands\Server\rewrite.php(47): require_once('C:\\laragon\\www\\rence_Appdev_MusicPlayer\\public\\index.php')
ERROR - 2023-09-25 04:15:44 --> mysqli_sql_exception: Unknown column 'playlist_id' in 'where clause' in C:\laragon\www\rence_Appdev_MusicPlayer\system\Database\MySQLi\Connection.php:306
Stack trace:
#0 C:\laragon\www\rence_Appdev_MusicPlayer\system\Database\MySQLi\Connection.php(306): mysqli->query('SELECT *\nFROM `...', 0)
#1 C:\laragon\www\rence_Appdev_MusicPlayer\system\Database\BaseConnection.php(692): CodeIgniter\Database\MySQLi\Connection->execute('SELECT *\nFROM `...')
#2 C:\laragon\www\rence_Appdev_MusicPlayer\system\Database\BaseConnection.php(606): CodeIgniter\Database\BaseConnection->simpleQuery('SELECT *\nFROM `...')
#3 C:\laragon\www\rence_Appdev_MusicPlayer\system\Database\BaseBuilder.php(1615): CodeIgniter\Database\BaseConnection->query('SELECT *\nFROM `...', Array, false)
#4 C:\laragon\www\rence_Appdev_MusicPlayer\system\Model.php(237): CodeIgniter\Database\BaseBuilder->get()
#5 C:\laragon\www\rence_Appdev_MusicPlayer\system\BaseModel.php(624): CodeIgniter\Model->doFindAll(0, 0)
#6 C:\laragon\www\rence_Appdev_MusicPlayer\app\Controllers\MusicController.php(106): CodeIgniter\BaseModel->findAll()
#7 C:\laragon\www\rence_Appdev_MusicPlayer\system\CodeIgniter.php(919): App\Controllers\MusicController->getPlaylistMusic()
#8 C:\laragon\www\rence_Appdev_MusicPlayer\system\CodeIgniter.php(494): CodeIgniter\CodeIgniter->runController(Object(App\Controllers\MusicController))
#9 C:\laragon\www\rence_Appdev_MusicPlayer\system\CodeIgniter.php(353): CodeIgniter\CodeIgniter->handleRequest(NULL, Object(Config\Cache), false)
#10 C:\laragon\www\rence_Appdev_MusicPlayer\public\index.php(79): CodeIgniter\CodeIgniter->run()
#11 C:\laragon\www\rence_Appdev_MusicPlayer\system\Commands\Server\rewrite.php(47): require_once('C:\\laragon\\www\\...')
#12 {main}
CRITICAL - 2023-09-25 04:15:44 --> Unknown column 'playlist_id' in 'where clause'
in SYSTEMPATH\Database\BaseConnection.php on line 646.
 1 SYSTEMPATH\Database\BaseBuilder.php(1615): CodeIgniter\Database\BaseConnection->query('SELECT *
FROM `music_tracks`
WHERE `playlist_id` = :playlist_id:', [...], false)
 2 SYSTEMPATH\Model.php(237): CodeIgniter\Database\BaseBuilder->get()
 3 SYSTEMPATH\BaseModel.php(624): CodeIgniter\Model->doFindAll(0, 0)
 4 APPPATH\Controllers\MusicController.php(106): CodeIgniter\BaseModel->findAll()
 5 SYSTEMPATH\CodeIgniter.php(919): App\Controllers\MusicController->getPlaylistMusic()
 6 SYSTEMPATH\CodeIgniter.php(494): CodeIgniter\CodeIgniter->runController(Object(App\Controllers\MusicController))
 7 SYSTEMPATH\CodeIgniter.php(353): CodeIgniter\CodeIgniter->handleRequest(null, Object(Config\Cache), false)
 8 FCPATH\index.php(79): CodeIgniter\CodeIgniter->run()
 9 SYSTEMPATH\Commands\Server\rewrite.php(47): require_once('C:\\laragon\\www\\rence_Appdev_MusicPlayer\\public\\index.php')
ERROR - 2023-09-25 04:15:46 --> mysqli_sql_exception: Unknown column 'playlist_id' in 'where clause' in C:\laragon\www\rence_Appdev_MusicPlayer\system\Database\MySQLi\Connection.php:306
Stack trace:
#0 C:\laragon\www\rence_Appdev_MusicPlayer\system\Database\MySQLi\Connection.php(306): mysqli->query('SELECT *\nFROM `...', 0)
#1 C:\laragon\www\rence_Appdev_MusicPlayer\system\Database\BaseConnection.php(692): CodeIgniter\Database\MySQLi\Connection->execute('SELECT *\nFROM `...')
#2 C:\laragon\www\rence_Appdev_MusicPlayer\system\Database\BaseConnection.php(606): CodeIgniter\Database\BaseConnection->simpleQuery('SELECT *\nFROM `...')
#3 C:\laragon\www\rence_Appdev_MusicPlayer\system\Database\BaseBuilder.php(1615): CodeIgniter\Database\BaseConnection->query('SELECT *\nFROM `...', Array, false)
#4 C:\laragon\www\rence_Appdev_MusicPlayer\system\Model.php(237): CodeIgniter\Database\BaseBuilder->get()
#5 C:\laragon\www\rence_Appdev_MusicPlayer\system\BaseModel.php(624): CodeIgniter\Model->doFindAll(0, 0)
#6 C:\laragon\www\rence_Appdev_MusicPlayer\app\Controllers\MusicController.php(106): CodeIgniter\BaseModel->findAll()
#7 C:\laragon\www\rence_Appdev_MusicPlayer\system\CodeIgniter.php(919): App\Controllers\MusicController->getPlaylistMusic()
#8 C:\laragon\www\rence_Appdev_MusicPlayer\system\CodeIgniter.php(494): CodeIgniter\CodeIgniter->runController(Object(App\Controllers\MusicController))
#9 C:\laragon\www\rence_Appdev_MusicPlayer\system\CodeIgniter.php(353): CodeIgniter\CodeIgniter->handleRequest(NULL, Object(Config\Cache), false)
#10 C:\laragon\www\rence_Appdev_MusicPlayer\public\index.php(79): CodeIgniter\CodeIgniter->run()
#11 C:\laragon\www\rence_Appdev_MusicPlayer\system\Commands\Server\rewrite.php(47): require_once('C:\\laragon\\www\\...')
#12 {main}
CRITICAL - 2023-09-25 04:15:46 --> Unknown column 'playlist_id' in 'where clause'
in SYSTEMPATH\Database\BaseConnection.php on line 646.
 1 SYSTEMPATH\Database\BaseBuilder.php(1615): CodeIgniter\Database\BaseConnection->query('SELECT *
FROM `music_tracks`
WHERE `playlist_id` = :playlist_id:', [...], false)
 2 SYSTEMPATH\Model.php(237): CodeIgniter\Database\BaseBuilder->get()
 3 SYSTEMPATH\BaseModel.php(624): CodeIgniter\Model->doFindAll(0, 0)
 4 APPPATH\Controllers\MusicController.php(106): CodeIgniter\BaseModel->findAll()
 5 SYSTEMPATH\CodeIgniter.php(919): App\Controllers\MusicController->getPlaylistMusic()
 6 SYSTEMPATH\CodeIgniter.php(494): CodeIgniter\CodeIgniter->runController(Object(App\Controllers\MusicController))
 7 SYSTEMPATH\CodeIgniter.php(353): CodeIgniter\CodeIgniter->handleRequest(null, Object(Config\Cache), false)
 8 FCPATH\index.php(79): CodeIgniter\CodeIgniter->run()
 9 SYSTEMPATH\Commands\Server\rewrite.php(47): require_once('C:\\laragon\\www\\rence_Appdev_MusicPlayer\\public\\index.php')
ERROR - 2023-09-25 04:15:47 --> mysqli_sql_exception: Unknown column 'playlist_id' in 'where clause' in C:\laragon\www\rence_Appdev_MusicPlayer\system\Database\MySQLi\Connection.php:306
Stack trace:
#0 C:\laragon\www\rence_Appdev_MusicPlayer\system\Database\MySQLi\Connection.php(306): mysqli->query('SELECT *\nFROM `...', 0)
#1 C:\laragon\www\rence_Appdev_MusicPlayer\system\Database\BaseConnection.php(692): CodeIgniter\Database\MySQLi\Connection->execute('SELECT *\nFROM `...')
#2 C:\laragon\www\rence_Appdev_MusicPlayer\system\Database\BaseConnection.php(606): CodeIgniter\Database\BaseConnection->simpleQuery('SELECT *\nFROM `...')
#3 C:\laragon\www\rence_Appdev_MusicPlayer\system\Database\BaseBuilder.php(1615): CodeIgniter\Database\BaseConnection->query('SELECT *\nFROM `...', Array, false)
#4 C:\laragon\www\rence_Appdev_MusicPlayer\system\Model.php(237): CodeIgniter\Database\BaseBuilder->get()
#5 C:\laragon\www\rence_Appdev_MusicPlayer\system\BaseModel.php(624): CodeIgniter\Model->doFindAll(0, 0)
#6 C:\laragon\www\rence_Appdev_MusicPlayer\app\Controllers\MusicController.php(106): CodeIgniter\BaseModel->findAll()
#7 C:\laragon\www\rence_Appdev_MusicPlayer\system\CodeIgniter.php(919): App\Controllers\MusicController->getPlaylistMusic()
#8 C:\laragon\www\rence_Appdev_MusicPlayer\system\CodeIgniter.php(494): CodeIgniter\CodeIgniter->runController(Object(App\Controllers\MusicController))
#9 C:\laragon\www\rence_Appdev_MusicPlayer\system\CodeIgniter.php(353): CodeIgniter\CodeIgniter->handleRequest(NULL, Object(Config\Cache), false)
#10 C:\laragon\www\rence_Appdev_MusicPlayer\public\index.php(79): CodeIgniter\CodeIgniter->run()
#11 C:\laragon\www\rence_Appdev_MusicPlayer\system\Commands\Server\rewrite.php(47): require_once('C:\\laragon\\www\\...')
#12 {main}
CRITICAL - 2023-09-25 04:15:47 --> Unknown column 'playlist_id' in 'where clause'
in SYSTEMPATH\Database\BaseConnection.php on line 646.
 1 SYSTEMPATH\Database\BaseBuilder.php(1615): CodeIgniter\Database\BaseConnection->query('SELECT *
FROM `music_tracks`
WHERE `playlist_id` = :playlist_id:', [...], false)
 2 SYSTEMPATH\Model.php(237): CodeIgniter\Database\BaseBuilder->get()
 3 SYSTEMPATH\BaseModel.php(624): CodeIgniter\Model->doFindAll(0, 0)
 4 APPPATH\Controllers\MusicController.php(106): CodeIgniter\BaseModel->findAll()
 5 SYSTEMPATH\CodeIgniter.php(919): App\Controllers\MusicController->getPlaylistMusic()
 6 SYSTEMPATH\CodeIgniter.php(494): CodeIgniter\CodeIgniter->runController(Object(App\Controllers\MusicController))
 7 SYSTEMPATH\CodeIgniter.php(353): CodeIgniter\CodeIgniter->handleRequest(null, Object(Config\Cache), false)
 8 FCPATH\index.php(79): CodeIgniter\CodeIgniter->run()
 9 SYSTEMPATH\Commands\Server\rewrite.php(47): require_once('C:\\laragon\\www\\rence_Appdev_MusicPlayer\\public\\index.php')
ERROR - 2023-09-25 04:15:48 --> mysqli_sql_exception: Unknown column 'playlist_id' in 'where clause' in C:\laragon\www\rence_Appdev_MusicPlayer\system\Database\MySQLi\Connection.php:306
Stack trace:
#0 C:\laragon\www\rence_Appdev_MusicPlayer\system\Database\MySQLi\Connection.php(306): mysqli->query('SELECT *\nFROM `...', 0)
#1 C:\laragon\www\rence_Appdev_MusicPlayer\system\Database\BaseConnection.php(692): CodeIgniter\Database\MySQLi\Connection->execute('SELECT *\nFROM `...')
#2 C:\laragon\www\rence_Appdev_MusicPlayer\system\Database\BaseConnection.php(606): CodeIgniter\Database\BaseConnection->simpleQuery('SELECT *\nFROM `...')
#3 C:\laragon\www\rence_Appdev_MusicPlayer\system\Database\BaseBuilder.php(1615): CodeIgniter\Database\BaseConnection->query('SELECT *\nFROM `...', Array, false)
#4 C:\laragon\www\rence_Appdev_MusicPlayer\system\Model.php(237): CodeIgniter\Database\BaseBuilder->get()
#5 C:\laragon\www\rence_Appdev_MusicPlayer\system\BaseModel.php(624): CodeIgniter\Model->doFindAll(0, 0)
#6 C:\laragon\www\rence_Appdev_MusicPlayer\app\Controllers\MusicController.php(106): CodeIgniter\BaseModel->findAll()
#7 C:\laragon\www\rence_Appdev_MusicPlayer\system\CodeIgniter.php(919): App\Controllers\MusicController->getPlaylistMusic()
#8 C:\laragon\www\rence_Appdev_MusicPlayer\system\CodeIgniter.php(494): CodeIgniter\CodeIgniter->runController(Object(App\Controllers\MusicController))
#9 C:\laragon\www\rence_Appdev_MusicPlayer\system\CodeIgniter.php(353): CodeIgniter\CodeIgniter->handleRequest(NULL, Object(Config\Cache), false)
#10 C:\laragon\www\rence_Appdev_MusicPlayer\public\index.php(79): CodeIgniter\CodeIgniter->run()
#11 C:\laragon\www\rence_Appdev_MusicPlayer\system\Commands\Server\rewrite.php(47): require_once('C:\\laragon\\www\\...')
#12 {main}
CRITICAL - 2023-09-25 04:15:48 --> Unknown column 'playlist_id' in 'where clause'
in SYSTEMPATH\Database\BaseConnection.php on line 646.
 1 SYSTEMPATH\Database\BaseBuilder.php(1615): CodeIgniter\Database\BaseConnection->query('SELECT *
FROM `music_tracks`
WHERE `playlist_id` = :playlist_id:', [...], false)
 2 SYSTEMPATH\Model.php(237): CodeIgniter\Database\BaseBuilder->get()
 3 SYSTEMPATH\BaseModel.php(624): CodeIgniter\Model->doFindAll(0, 0)
 4 APPPATH\Controllers\MusicController.php(106): CodeIgniter\BaseModel->findAll()
 5 SYSTEMPATH\CodeIgniter.php(919): App\Controllers\MusicController->getPlaylistMusic()
 6 SYSTEMPATH\CodeIgniter.php(494): CodeIgniter\CodeIgniter->runController(Object(App\Controllers\MusicController))
 7 SYSTEMPATH\CodeIgniter.php(353): CodeIgniter\CodeIgniter->handleRequest(null, Object(Config\Cache), false)
 8 FCPATH\index.php(79): CodeIgniter\CodeIgniter->run()
 9 SYSTEMPATH\Commands\Server\rewrite.php(47): require_once('C:\\laragon\\www\\rence_Appdev_MusicPlayer\\public\\index.php')
ERROR - 2023-09-25 04:15:49 --> mysqli_sql_exception: Unknown column 'playlist_id' in 'where clause' in C:\laragon\www\rence_Appdev_MusicPlayer\system\Database\MySQLi\Connection.php:306
Stack trace:
#0 C:\laragon\www\rence_Appdev_MusicPlayer\system\Database\MySQLi\Connection.php(306): mysqli->query('SELECT *\nFROM `...', 0)
#1 C:\laragon\www\rence_Appdev_MusicPlayer\system\Database\BaseConnection.php(692): CodeIgniter\Database\MySQLi\Connection->execute('SELECT *\nFROM `...')
#2 C:\laragon\www\rence_Appdev_MusicPlayer\system\Database\BaseConnection.php(606): CodeIgniter\Database\BaseConnection->simpleQuery('SELECT *\nFROM `...')
#3 C:\laragon\www\rence_Appdev_MusicPlayer\system\Database\BaseBuilder.php(1615): CodeIgniter\Database\BaseConnection->query('SELECT *\nFROM `...', Array, false)
#4 C:\laragon\www\rence_Appdev_MusicPlayer\system\Model.php(237): CodeIgniter\Database\BaseBuilder->get()
#5 C:\laragon\www\rence_Appdev_MusicPlayer\system\BaseModel.php(624): CodeIgniter\Model->doFindAll(0, 0)
#6 C:\laragon\www\rence_Appdev_MusicPlayer\app\Controllers\MusicController.php(106): CodeIgniter\BaseModel->findAll()
#7 C:\laragon\www\rence_Appdev_MusicPlayer\system\CodeIgniter.php(919): App\Controllers\MusicController->getPlaylistMusic()
#8 C:\laragon\www\rence_Appdev_MusicPlayer\system\CodeIgniter.php(494): CodeIgniter\CodeIgniter->runController(Object(App\Controllers\MusicController))
#9 C:\laragon\www\rence_Appdev_MusicPlayer\system\CodeIgniter.php(353): CodeIgniter\CodeIgniter->handleRequest(NULL, Object(Config\Cache), false)
#10 C:\laragon\www\rence_Appdev_MusicPlayer\public\index.php(79): CodeIgniter\CodeIgniter->run()
#11 C:\laragon\www\rence_Appdev_MusicPlayer\system\Commands\Server\rewrite.php(47): require_once('C:\\laragon\\www\\...')
#12 {main}
CRITICAL - 2023-09-25 04:15:49 --> Unknown column 'playlist_id' in 'where clause'
in SYSTEMPATH\Database\BaseConnection.php on line 646.
 1 SYSTEMPATH\Database\BaseBuilder.php(1615): CodeIgniter\Database\BaseConnection->query('SELECT *
FROM `music_tracks`
WHERE `playlist_id` = :playlist_id:', [...], false)
 2 SYSTEMPATH\Model.php(237): CodeIgniter\Database\BaseBuilder->get()
 3 SYSTEMPATH\BaseModel.php(624): CodeIgniter\Model->doFindAll(0, 0)
 4 APPPATH\Controllers\MusicController.php(106): CodeIgniter\BaseModel->findAll()
 5 SYSTEMPATH\CodeIgniter.php(919): App\Controllers\MusicController->getPlaylistMusic()
 6 SYSTEMPATH\CodeIgniter.php(494): CodeIgniter\CodeIgniter->runController(Object(App\Controllers\MusicController))
 7 SYSTEMPATH\CodeIgniter.php(353): CodeIgniter\CodeIgniter->handleRequest(null, Object(Config\Cache), false)
 8 FCPATH\index.php(79): CodeIgniter\CodeIgniter->run()
 9 SYSTEMPATH\Commands\Server\rewrite.php(47): require_once('C:\\laragon\\www\\rence_Appdev_MusicPlayer\\public\\index.php')
CRITICAL - 2023-09-25 04:24:14 --> Undefined variable $musicList
in APPPATH\Views\player.php on line 174.
 1 APPPATH\Views\player.php(174): CodeIgniter\Debug\Exceptions->errorHandler(2, 'Undefined variable $musicList', 'C:\\laragon\\www\\rence_Appdev_MusicPlayer\\app\\Views\\player.php', 174)
 2 SYSTEMPATH\View\View.php(226): include('C:\\laragon\\www\\rence_Appdev_MusicPlayer\\app\\Views\\player.php')
 3 SYSTEMPATH\View\View.php(229): CodeIgniter\View\View->CodeIgniter\View\{closure}()
 4 SYSTEMPATH\Common.php(1188): CodeIgniter\View\View->render('player', [], true)
 5 APPPATH\Controllers\MusicController.php(148): view('player', [...])
 6 SYSTEMPATH\CodeIgniter.php(919): App\Controllers\MusicController->playlists('56')
 7 SYSTEMPATH\CodeIgniter.php(494): CodeIgniter\CodeIgniter->runController(Object(App\Controllers\MusicController))
 8 SYSTEMPATH\CodeIgniter.php(353): CodeIgniter\CodeIgniter->handleRequest(null, Object(Config\Cache), false)
 9 FCPATH\index.php(79): CodeIgniter\CodeIgniter->run()
10 SYSTEMPATH\Commands\Server\rewrite.php(47): require_once('C:\\laragon\\www\\rence_Appdev_MusicPlayer\\public\\index.php')
CRITICAL - 2023-09-25 04:36:12 --> Undefined variable $playlist
in APPPATH\Views\music_player.php on line 8.
 1 APPPATH\Views\music_player.php(8): CodeIgniter\Debug\Exceptions->errorHandler(2, 'Undefined variable $playlist', 'C:\\laragon\\www\\rence_Appdev_MusicPlayer\\app\\Views\\music_player.php', 8)
 2 SYSTEMPATH\View\View.php(226): include('C:\\laragon\\www\\rence_Appdev_MusicPlayer\\app\\Views\\music_player.php')
 3 SYSTEMPATH\View\View.php(229): CodeIgniter\View\View->CodeIgniter\View\{closure}()
 4 SYSTEMPATH\Common.php(1188): CodeIgniter\View\View->render('music_player', [], true)
 5 APPPATH\Controllers\MusicController.php(17): view('music_player', [...])
 6 SYSTEMPATH\CodeIgniter.php(919): App\Controllers\MusicController->index()
 7 SYSTEMPATH\CodeIgniter.php(494): CodeIgniter\CodeIgniter->runController(Object(App\Controllers\MusicController))
 8 SYSTEMPATH\CodeIgniter.php(353): CodeIgniter\CodeIgniter->handleRequest(null, Object(Config\Cache), false)
 9 FCPATH\index.php(79): CodeIgniter\CodeIgniter->run()
10 SYSTEMPATH\Commands\Server\rewrite.php(47): require_once('C:\\laragon\\www\\rence_Appdev_MusicPlayer\\public\\index.php')
