CRITICAL - 2023-09-23 01:25:13 --> Undefined variable $music_tracks
in APPPATH\Views\music_player.php on line 22.
 1 APPPATH\Views\music_player.php(22): CodeIgniter\Debug\Exceptions->errorHandler(2, 'Undefined variable $music_tracks', 'C:\\laragon\\www\\rence_Appdev_MusicPlayer\\app\\Views\\music_player.php', 22)
 2 SYSTEMPATH\View\View.php(226): include('C:\\laragon\\www\\rence_Appdev_MusicPlayer\\app\\Views\\music_player.php')
 3 SYSTEMPATH\View\View.php(229): CodeIgniter\View\View->CodeIgniter\View\{closure}()
 4 SYSTEMPATH\Common.php(1188): CodeIgniter\View\View->render('music_player', [], true)
 5 APPPATH\Controllers\MusicPlayerController.php(91): view('music_player', [...])
 6 SYSTEMPATH\CodeIgniter.php(919): App\Controllers\MusicPlayerController->searchMusic()
 7 SYSTEMPATH\CodeIgniter.php(494): CodeIgniter\CodeIgniter->runController(Object(App\Controllers\MusicPlayerController))
 8 SYSTEMPATH\CodeIgniter.php(353): CodeIgniter\CodeIgniter->handleRequest(null, Object(Config\Cache), false)
 9 FCPATH\index.php(79): CodeIgniter\CodeIgniter->run()
10 SYSTEMPATH\Commands\Server\rewrite.php(47): require_once('C:\\laragon\\www\\rence_Appdev_MusicPlayer\\public\\index.php')
CRITICAL - 2023-09-23 12:48:38 --> Undefined property: App\Controllers\MusicController::$MusicModel
in APPPATH\Controllers\MusicController.php on line 10.
 1 APPPATH\Controllers\MusicController.php(10): CodeIgniter\Debug\Exceptions->errorHandler(2, 'Undefined property: App\\Controllers\\MusicController::$MusicModel', 'C:\\laragon\\www\\rence_Appdev_MusicPlayer\\app\\Controllers\\MusicController.php', 10)
 2 SYSTEMPATH\CodeIgniter.php(919): App\Controllers\MusicController->index()
 3 SYSTEMPATH\CodeIgniter.php(494): CodeIgniter\CodeIgniter->runController(Object(App\Controllers\MusicController))
 4 SYSTEMPATH\CodeIgniter.php(353): CodeIgniter\CodeIgniter->handleRequest(null, Object(Config\Cache), false)
 5 FCPATH\index.php(79): CodeIgniter\CodeIgniter->run()
 6 SYSTEMPATH\Commands\Server\rewrite.php(47): require_once('C:\\laragon\\www\\rence_Appdev_MusicPlayer\\public\\index.php')
CRITICAL - 2023-09-23 14:12:01 --> Class "App\Controllers\PlaylistModel" not found
in APPPATH\Controllers\MusicController.php on line 20.
 1 SYSTEMPATH\CodeIgniter.php(919): App\Controllers\MusicController->createPlaylist()
 2 SYSTEMPATH\CodeIgniter.php(494): CodeIgniter\CodeIgniter->runController(Object(App\Controllers\MusicController))
 3 SYSTEMPATH\CodeIgniter.php(353): CodeIgniter\CodeIgniter->handleRequest(null, Object(Config\Cache), false)
 4 FCPATH\index.php(79): CodeIgniter\CodeIgniter->run()
 5 SYSTEMPATH\Commands\Server\rewrite.php(47): require_once('C:\\laragon\\www\\rence_Appdev_MusicPlayer\\public\\index.php')
CRITICAL - 2023-09-23 14:16:26 --> Class "App\Controllers\PlaylistModel" not found
in APPPATH\Controllers\MusicController.php on line 20.
 1 SYSTEMPATH\CodeIgniter.php(919): App\Controllers\MusicController->createPlaylist()
 2 SYSTEMPATH\CodeIgniter.php(494): CodeIgniter\CodeIgniter->runController(Object(App\Controllers\MusicController))
 3 SYSTEMPATH\CodeIgniter.php(353): CodeIgniter\CodeIgniter->handleRequest(null, Object(Config\Cache), false)
 4 FCPATH\index.php(79): CodeIgniter\CodeIgniter->run()
 5 SYSTEMPATH\Commands\Server\rewrite.php(47): require_once('C:\\laragon\\www\\rence_Appdev_MusicPlayer\\public\\index.php')
CRITICAL - 2023-09-23 14:16:53 --> Class "App\Controllers\PlaylistModel\BaseController" not found
in APPPATH\Controllers\MusicController.php on line 7.
 1 SYSTEMPATH\Autoloader\Autoloader.php(306): include_once()
 2 SYSTEMPATH\Autoloader\Autoloader.php(285): CodeIgniter\Autoloader\Autoloader->includeFile('C:\\laragon\\www\\rence_Appdev_MusicPlayer\\app\\Controllers\\MusicController.php')
 3 SYSTEMPATH\Autoloader\Autoloader.php(263): CodeIgniter\Autoloader\Autoloader->loadInNamespace('App\\Controllers\\MusicController')
 4 [internal function]: CodeIgniter\Autoloader\Autoloader->loadClass('App\\Controllers\\MusicController')
 5 SYSTEMPATH\CodeIgniter.php(877): class_exists('\\App\\Controllers\\MusicController', true)
 6 SYSTEMPATH\CodeIgniter.php(481): CodeIgniter\CodeIgniter->startController()
 7 SYSTEMPATH\CodeIgniter.php(353): CodeIgniter\CodeIgniter->handleRequest(null, Object(Config\Cache), false)
 8 FCPATH\index.php(79): CodeIgniter\CodeIgniter->run()
 9 SYSTEMPATH\Commands\Server\rewrite.php(47): require_once('C:\\laragon\\www\\rence_Appdev_MusicPlayer\\public\\index.php')
CRITICAL - 2023-09-23 14:16:59 --> Class "App\Controllers\PlaylistModel\BaseController" not found
in APPPATH\Controllers\MusicController.php on line 7.
 1 SYSTEMPATH\Autoloader\Autoloader.php(306): include_once()
 2 SYSTEMPATH\Autoloader\Autoloader.php(285): CodeIgniter\Autoloader\Autoloader->includeFile('C:\\laragon\\www\\rence_Appdev_MusicPlayer\\app\\Controllers\\MusicController.php')
 3 SYSTEMPATH\Autoloader\Autoloader.php(263): CodeIgniter\Autoloader\Autoloader->loadInNamespace('App\\Controllers\\MusicController')
 4 [internal function]: CodeIgniter\Autoloader\Autoloader->loadClass('App\\Controllers\\MusicController')
 5 SYSTEMPATH\CodeIgniter.php(877): class_exists('\\App\\Controllers\\MusicController', true)
 6 SYSTEMPATH\CodeIgniter.php(481): CodeIgniter\CodeIgniter->startController()
 7 SYSTEMPATH\CodeIgniter.php(353): CodeIgniter\CodeIgniter->handleRequest(null, Object(Config\Cache), false)
 8 FCPATH\index.php(79): CodeIgniter\CodeIgniter->run()
 9 SYSTEMPATH\Commands\Server\rewrite.php(47): require_once('C:\\laragon\\www\\rence_Appdev_MusicPlayer\\public\\index.php')
CRITICAL - 2023-09-23 14:17:56 --> Class "App\Controllers\PlaylistModel\BaseController" not found
in APPPATH\Controllers\MusicController.php on line 7.
 1 SYSTEMPATH\Autoloader\Autoloader.php(306): include_once()
 2 SYSTEMPATH\Autoloader\Autoloader.php(285): CodeIgniter\Autoloader\Autoloader->includeFile('C:\\laragon\\www\\rence_Appdev_MusicPlayer\\app\\Controllers\\MusicController.php')
 3 SYSTEMPATH\Autoloader\Autoloader.php(263): CodeIgniter\Autoloader\Autoloader->loadInNamespace('App\\Controllers\\MusicController')
 4 [internal function]: CodeIgniter\Autoloader\Autoloader->loadClass('App\\Controllers\\MusicController')
 5 SYSTEMPATH\CodeIgniter.php(877): class_exists('\\App\\Controllers\\MusicController', true)
 6 SYSTEMPATH\CodeIgniter.php(481): CodeIgniter\CodeIgniter->startController()
 7 SYSTEMPATH\CodeIgniter.php(353): CodeIgniter\CodeIgniter->handleRequest(null, Object(Config\Cache), false)
 8 FCPATH\index.php(79): CodeIgniter\CodeIgniter->run()
 9 SYSTEMPATH\Commands\Server\rewrite.php(47): require_once('C:\\laragon\\www\\rence_Appdev_MusicPlayer\\public\\index.php')
CRITICAL - 2023-09-23 14:17:57 --> Class "App\Controllers\PlaylistModel\BaseController" not found
in APPPATH\Controllers\MusicController.php on line 7.
 1 SYSTEMPATH\Autoloader\Autoloader.php(306): include_once()
 2 SYSTEMPATH\Autoloader\Autoloader.php(285): CodeIgniter\Autoloader\Autoloader->includeFile('C:\\laragon\\www\\rence_Appdev_MusicPlayer\\app\\Controllers\\MusicController.php')
 3 SYSTEMPATH\Autoloader\Autoloader.php(263): CodeIgniter\Autoloader\Autoloader->loadInNamespace('App\\Controllers\\MusicController')
 4 [internal function]: CodeIgniter\Autoloader\Autoloader->loadClass('App\\Controllers\\MusicController')
 5 SYSTEMPATH\CodeIgniter.php(877): class_exists('\\App\\Controllers\\MusicController', true)
 6 SYSTEMPATH\CodeIgniter.php(481): CodeIgniter\CodeIgniter->startController()
 7 SYSTEMPATH\CodeIgniter.php(353): CodeIgniter\CodeIgniter->handleRequest(null, Object(Config\Cache), false)
 8 FCPATH\index.php(79): CodeIgniter\CodeIgniter->run()
 9 SYSTEMPATH\Commands\Server\rewrite.php(47): require_once('C:\\laragon\\www\\rence_Appdev_MusicPlayer\\public\\index.php')
CRITICAL - 2023-09-23 14:27:26 --> Undefined variable $playlists
in APPPATH\Views\music_player.php on line 71.
 1 APPPATH\Views\music_player.php(71): CodeIgniter\Debug\Exceptions->errorHandler(2, 'Undefined variable $playlists', 'C:\\laragon\\www\\rence_Appdev_MusicPlayer\\app\\Views\\music_player.php', 71)
 2 SYSTEMPATH\View\View.php(226): include('C:\\laragon\\www\\rence_Appdev_MusicPlayer\\app\\Views\\music_player.php')
 3 SYSTEMPATH\View\View.php(229): CodeIgniter\View\View->CodeIgniter\View\{closure}()
 4 SYSTEMPATH\Common.php(1188): CodeIgniter\View\View->render('music_player', [], true)
 5 APPPATH\Controllers\MusicController.php(10): view('music_player')
 6 SYSTEMPATH\CodeIgniter.php(919): App\Controllers\MusicController->index()
 7 SYSTEMPATH\CodeIgniter.php(494): CodeIgniter\CodeIgniter->runController(Object(App\Controllers\MusicController))
 8 SYSTEMPATH\CodeIgniter.php(353): CodeIgniter\CodeIgniter->handleRequest(null, Object(Config\Cache), false)
 9 FCPATH\index.php(79): CodeIgniter\CodeIgniter->run()
10 SYSTEMPATH\Commands\Server\rewrite.php(47): require_once('C:\\laragon\\www\\rence_Appdev_MusicPlayer\\public\\index.php')
CRITICAL - 2023-09-23 14:30:19 --> Undefined variable $playlists
in APPPATH\Views\music_player.php on line 71.
 1 APPPATH\Views\music_player.php(71): CodeIgniter\Debug\Exceptions->errorHandler(2, 'Undefined variable $playlists', 'C:\\laragon\\www\\rence_Appdev_MusicPlayer\\app\\Views\\music_player.php', 71)
 2 SYSTEMPATH\View\View.php(226): include('C:\\laragon\\www\\rence_Appdev_MusicPlayer\\app\\Views\\music_player.php')
 3 SYSTEMPATH\View\View.php(229): CodeIgniter\View\View->CodeIgniter\View\{closure}()
 4 SYSTEMPATH\Common.php(1188): CodeIgniter\View\View->render('music_player', [], true)
 5 APPPATH\Controllers\MusicController.php(10): view('music_player')
 6 SYSTEMPATH\CodeIgniter.php(919): App\Controllers\MusicController->index()
 7 SYSTEMPATH\CodeIgniter.php(494): CodeIgniter\CodeIgniter->runController(Object(App\Controllers\MusicController))
 8 SYSTEMPATH\CodeIgniter.php(353): CodeIgniter\CodeIgniter->handleRequest(null, Object(Config\Cache), false)
 9 FCPATH\index.php(79): CodeIgniter\CodeIgniter->run()
10 SYSTEMPATH\Commands\Server\rewrite.php(47): require_once('C:\\laragon\\www\\rence_Appdev_MusicPlayer\\public\\index.php')
CRITICAL - 2023-09-23 14:30:21 --> Undefined variable $playlists
in APPPATH\Views\music_player.php on line 71.
 1 APPPATH\Views\music_player.php(71): CodeIgniter\Debug\Exceptions->errorHandler(2, 'Undefined variable $playlists', 'C:\\laragon\\www\\rence_Appdev_MusicPlayer\\app\\Views\\music_player.php', 71)
 2 SYSTEMPATH\View\View.php(226): include('C:\\laragon\\www\\rence_Appdev_MusicPlayer\\app\\Views\\music_player.php')
 3 SYSTEMPATH\View\View.php(229): CodeIgniter\View\View->CodeIgniter\View\{closure}()
 4 SYSTEMPATH\Common.php(1188): CodeIgniter\View\View->render('music_player', [], true)
 5 APPPATH\Controllers\MusicController.php(10): view('music_player')
 6 SYSTEMPATH\CodeIgniter.php(919): App\Controllers\MusicController->index()
 7 SYSTEMPATH\CodeIgniter.php(494): CodeIgniter\CodeIgniter->runController(Object(App\Controllers\MusicController))
 8 SYSTEMPATH\CodeIgniter.php(353): CodeIgniter\CodeIgniter->handleRequest(null, Object(Config\Cache), false)
 9 FCPATH\index.php(79): CodeIgniter\CodeIgniter->run()
10 SYSTEMPATH\Commands\Server\rewrite.php(47): require_once('C:\\laragon\\www\\rence_Appdev_MusicPlayer\\public\\index.php')
CRITICAL - 2023-09-23 14:30:21 --> Undefined variable $playlists
in APPPATH\Views\music_player.php on line 71.
 1 APPPATH\Views\music_player.php(71): CodeIgniter\Debug\Exceptions->errorHandler(2, 'Undefined variable $playlists', 'C:\\laragon\\www\\rence_Appdev_MusicPlayer\\app\\Views\\music_player.php', 71)
 2 SYSTEMPATH\View\View.php(226): include('C:\\laragon\\www\\rence_Appdev_MusicPlayer\\app\\Views\\music_player.php')
 3 SYSTEMPATH\View\View.php(229): CodeIgniter\View\View->CodeIgniter\View\{closure}()
 4 SYSTEMPATH\Common.php(1188): CodeIgniter\View\View->render('music_player', [], true)
 5 APPPATH\Controllers\MusicController.php(10): view('music_player')
 6 SYSTEMPATH\CodeIgniter.php(919): App\Controllers\MusicController->index()
 7 SYSTEMPATH\CodeIgniter.php(494): CodeIgniter\CodeIgniter->runController(Object(App\Controllers\MusicController))
 8 SYSTEMPATH\CodeIgniter.php(353): CodeIgniter\CodeIgniter->handleRequest(null, Object(Config\Cache), false)
 9 FCPATH\index.php(79): CodeIgniter\CodeIgniter->run()
10 SYSTEMPATH\Commands\Server\rewrite.php(47): require_once('C:\\laragon\\www\\rence_Appdev_MusicPlayer\\public\\index.php')
CRITICAL - 2023-09-23 14:30:22 --> Undefined variable $playlists
in APPPATH\Views\music_player.php on line 71.
 1 APPPATH\Views\music_player.php(71): CodeIgniter\Debug\Exceptions->errorHandler(2, 'Undefined variable $playlists', 'C:\\laragon\\www\\rence_Appdev_MusicPlayer\\app\\Views\\music_player.php', 71)
 2 SYSTEMPATH\View\View.php(226): include('C:\\laragon\\www\\rence_Appdev_MusicPlayer\\app\\Views\\music_player.php')
 3 SYSTEMPATH\View\View.php(229): CodeIgniter\View\View->CodeIgniter\View\{closure}()
 4 SYSTEMPATH\Common.php(1188): CodeIgniter\View\View->render('music_player', [], true)
 5 APPPATH\Controllers\MusicController.php(10): view('music_player')
 6 SYSTEMPATH\CodeIgniter.php(919): App\Controllers\MusicController->index()
 7 SYSTEMPATH\CodeIgniter.php(494): CodeIgniter\CodeIgniter->runController(Object(App\Controllers\MusicController))
 8 SYSTEMPATH\CodeIgniter.php(353): CodeIgniter\CodeIgniter->handleRequest(null, Object(Config\Cache), false)
 9 FCPATH\index.php(79): CodeIgniter\CodeIgniter->run()
10 SYSTEMPATH\Commands\Server\rewrite.php(47): require_once('C:\\laragon\\www\\rence_Appdev_MusicPlayer\\public\\index.php')
CRITICAL - 2023-09-23 14:30:22 --> Undefined variable $playlists
in APPPATH\Views\music_player.php on line 71.
 1 APPPATH\Views\music_player.php(71): CodeIgniter\Debug\Exceptions->errorHandler(2, 'Undefined variable $playlists', 'C:\\laragon\\www\\rence_Appdev_MusicPlayer\\app\\Views\\music_player.php', 71)
 2 SYSTEMPATH\View\View.php(226): include('C:\\laragon\\www\\rence_Appdev_MusicPlayer\\app\\Views\\music_player.php')
 3 SYSTEMPATH\View\View.php(229): CodeIgniter\View\View->CodeIgniter\View\{closure}()
 4 SYSTEMPATH\Common.php(1188): CodeIgniter\View\View->render('music_player', [], true)
 5 APPPATH\Controllers\MusicController.php(10): view('music_player')
 6 SYSTEMPATH\CodeIgniter.php(919): App\Controllers\MusicController->index()
 7 SYSTEMPATH\CodeIgniter.php(494): CodeIgniter\CodeIgniter->runController(Object(App\Controllers\MusicController))
 8 SYSTEMPATH\CodeIgniter.php(353): CodeIgniter\CodeIgniter->handleRequest(null, Object(Config\Cache), false)
 9 FCPATH\index.php(79): CodeIgniter\CodeIgniter->run()
10 SYSTEMPATH\Commands\Server\rewrite.php(47): require_once('C:\\laragon\\www\\rence_Appdev_MusicPlayer\\public\\index.php')
CRITICAL - 2023-09-23 14:30:22 --> Undefined variable $playlists
in APPPATH\Views\music_player.php on line 71.
 1 APPPATH\Views\music_player.php(71): CodeIgniter\Debug\Exceptions->errorHandler(2, 'Undefined variable $playlists', 'C:\\laragon\\www\\rence_Appdev_MusicPlayer\\app\\Views\\music_player.php', 71)
 2 SYSTEMPATH\View\View.php(226): include('C:\\laragon\\www\\rence_Appdev_MusicPlayer\\app\\Views\\music_player.php')
 3 SYSTEMPATH\View\View.php(229): CodeIgniter\View\View->CodeIgniter\View\{closure}()
 4 SYSTEMPATH\Common.php(1188): CodeIgniter\View\View->render('music_player', [], true)
 5 APPPATH\Controllers\MusicController.php(10): view('music_player')
 6 SYSTEMPATH\CodeIgniter.php(919): App\Controllers\MusicController->index()
 7 SYSTEMPATH\CodeIgniter.php(494): CodeIgniter\CodeIgniter->runController(Object(App\Controllers\MusicController))
 8 SYSTEMPATH\CodeIgniter.php(353): CodeIgniter\CodeIgniter->handleRequest(null, Object(Config\Cache), false)
 9 FCPATH\index.php(79): CodeIgniter\CodeIgniter->run()
10 SYSTEMPATH\Commands\Server\rewrite.php(47): require_once('C:\\laragon\\www\\rence_Appdev_MusicPlayer\\public\\index.php')
CRITICAL - 2023-09-23 14:30:22 --> Undefined variable $playlists
in APPPATH\Views\music_player.php on line 71.
 1 APPPATH\Views\music_player.php(71): CodeIgniter\Debug\Exceptions->errorHandler(2, 'Undefined variable $playlists', 'C:\\laragon\\www\\rence_Appdev_MusicPlayer\\app\\Views\\music_player.php', 71)
 2 SYSTEMPATH\View\View.php(226): include('C:\\laragon\\www\\rence_Appdev_MusicPlayer\\app\\Views\\music_player.php')
 3 SYSTEMPATH\View\View.php(229): CodeIgniter\View\View->CodeIgniter\View\{closure}()
 4 SYSTEMPATH\Common.php(1188): CodeIgniter\View\View->render('music_player', [], true)
 5 APPPATH\Controllers\MusicController.php(10): view('music_player')
 6 SYSTEMPATH\CodeIgniter.php(919): App\Controllers\MusicController->index()
 7 SYSTEMPATH\CodeIgniter.php(494): CodeIgniter\CodeIgniter->runController(Object(App\Controllers\MusicController))
 8 SYSTEMPATH\CodeIgniter.php(353): CodeIgniter\CodeIgniter->handleRequest(null, Object(Config\Cache), false)
 9 FCPATH\index.php(79): CodeIgniter\CodeIgniter->run()
10 SYSTEMPATH\Commands\Server\rewrite.php(47): require_once('C:\\laragon\\www\\rence_Appdev_MusicPlayer\\public\\index.php')
CRITICAL - 2023-09-23 14:30:22 --> Undefined variable $playlists
in APPPATH\Views\music_player.php on line 71.
 1 APPPATH\Views\music_player.php(71): CodeIgniter\Debug\Exceptions->errorHandler(2, 'Undefined variable $playlists', 'C:\\laragon\\www\\rence_Appdev_MusicPlayer\\app\\Views\\music_player.php', 71)
 2 SYSTEMPATH\View\View.php(226): include('C:\\laragon\\www\\rence_Appdev_MusicPlayer\\app\\Views\\music_player.php')
 3 SYSTEMPATH\View\View.php(229): CodeIgniter\View\View->CodeIgniter\View\{closure}()
 4 SYSTEMPATH\Common.php(1188): CodeIgniter\View\View->render('music_player', [], true)
 5 APPPATH\Controllers\MusicController.php(10): view('music_player')
 6 SYSTEMPATH\CodeIgniter.php(919): App\Controllers\MusicController->index()
 7 SYSTEMPATH\CodeIgniter.php(494): CodeIgniter\CodeIgniter->runController(Object(App\Controllers\MusicController))
 8 SYSTEMPATH\CodeIgniter.php(353): CodeIgniter\CodeIgniter->handleRequest(null, Object(Config\Cache), false)
 9 FCPATH\index.php(79): CodeIgniter\CodeIgniter->run()
10 SYSTEMPATH\Commands\Server\rewrite.php(47): require_once('C:\\laragon\\www\\rence_Appdev_MusicPlayer\\public\\index.php')
CRITICAL - 2023-09-23 14:30:23 --> Undefined variable $playlists
in APPPATH\Views\music_player.php on line 71.
 1 APPPATH\Views\music_player.php(71): CodeIgniter\Debug\Exceptions->errorHandler(2, 'Undefined variable $playlists', 'C:\\laragon\\www\\rence_Appdev_MusicPlayer\\app\\Views\\music_player.php', 71)
 2 SYSTEMPATH\View\View.php(226): include('C:\\laragon\\www\\rence_Appdev_MusicPlayer\\app\\Views\\music_player.php')
 3 SYSTEMPATH\View\View.php(229): CodeIgniter\View\View->CodeIgniter\View\{closure}()
 4 SYSTEMPATH\Common.php(1188): CodeIgniter\View\View->render('music_player', [], true)
 5 APPPATH\Controllers\MusicController.php(10): view('music_player')
 6 SYSTEMPATH\CodeIgniter.php(919): App\Controllers\MusicController->index()
 7 SYSTEMPATH\CodeIgniter.php(494): CodeIgniter\CodeIgniter->runController(Object(App\Controllers\MusicController))
 8 SYSTEMPATH\CodeIgniter.php(353): CodeIgniter\CodeIgniter->handleRequest(null, Object(Config\Cache), false)
 9 FCPATH\index.php(79): CodeIgniter\CodeIgniter->run()
10 SYSTEMPATH\Commands\Server\rewrite.php(47): require_once('C:\\laragon\\www\\rence_Appdev_MusicPlayer\\public\\index.php')
CRITICAL - 2023-09-23 14:30:23 --> Undefined variable $playlists
in APPPATH\Views\music_player.php on line 71.
 1 APPPATH\Views\music_player.php(71): CodeIgniter\Debug\Exceptions->errorHandler(2, 'Undefined variable $playlists', 'C:\\laragon\\www\\rence_Appdev_MusicPlayer\\app\\Views\\music_player.php', 71)
 2 SYSTEMPATH\View\View.php(226): include('C:\\laragon\\www\\rence_Appdev_MusicPlayer\\app\\Views\\music_player.php')
 3 SYSTEMPATH\View\View.php(229): CodeIgniter\View\View->CodeIgniter\View\{closure}()
 4 SYSTEMPATH\Common.php(1188): CodeIgniter\View\View->render('music_player', [], true)
 5 APPPATH\Controllers\MusicController.php(10): view('music_player')
 6 SYSTEMPATH\CodeIgniter.php(919): App\Controllers\MusicController->index()
 7 SYSTEMPATH\CodeIgniter.php(494): CodeIgniter\CodeIgniter->runController(Object(App\Controllers\MusicController))
 8 SYSTEMPATH\CodeIgniter.php(353): CodeIgniter\CodeIgniter->handleRequest(null, Object(Config\Cache), false)
 9 FCPATH\index.php(79): CodeIgniter\CodeIgniter->run()
10 SYSTEMPATH\Commands\Server\rewrite.php(47): require_once('C:\\laragon\\www\\rence_Appdev_MusicPlayer\\public\\index.php')
CRITICAL - 2023-09-23 14:45:44 --> syntax error, unexpected end of file, expecting "elseif" or "else" or "endif"
in APPPATH\Views\music_player.php on line 224.
 1 SYSTEMPATH\View\View.php(229): CodeIgniter\View\View->CodeIgniter\View\{closure}()
 2 SYSTEMPATH\Common.php(1188): CodeIgniter\View\View->render('music_player', [], true)
 3 APPPATH\Controllers\MusicController.php(24): view('music_player', [...])
 4 SYSTEMPATH\CodeIgniter.php(919): App\Controllers\MusicController->createPlaylist()
 5 SYSTEMPATH\CodeIgniter.php(494): CodeIgniter\CodeIgniter->runController(Object(App\Controllers\MusicController))
 6 SYSTEMPATH\CodeIgniter.php(353): CodeIgniter\CodeIgniter->handleRequest(null, Object(Config\Cache), false)
 7 FCPATH\index.php(79): CodeIgniter\CodeIgniter->run()
 8 SYSTEMPATH\Commands\Server\rewrite.php(47): require_once('C:\\laragon\\www\\rence_Appdev_MusicPlayer\\public\\index.php')
CRITICAL - 2023-09-23 14:48:04 --> Undefined variable $playlists
in APPPATH\Views\music_player.php on line 72.
 1 APPPATH\Views\music_player.php(72): CodeIgniter\Debug\Exceptions->errorHandler(2, 'Undefined variable $playlists', 'C:\\laragon\\www\\rence_Appdev_MusicPlayer\\app\\Views\\music_player.php', 72)
 2 SYSTEMPATH\View\View.php(226): include('C:\\laragon\\www\\rence_Appdev_MusicPlayer\\app\\Views\\music_player.php')
 3 SYSTEMPATH\View\View.php(229): CodeIgniter\View\View->CodeIgniter\View\{closure}()
 4 SYSTEMPATH\Common.php(1188): CodeIgniter\View\View->render('music_player', [], true)
 5 APPPATH\Controllers\MusicController.php(10): view('music_player')
 6 SYSTEMPATH\CodeIgniter.php(919): App\Controllers\MusicController->index()
 7 SYSTEMPATH\CodeIgniter.php(494): CodeIgniter\CodeIgniter->runController(Object(App\Controllers\MusicController))
 8 SYSTEMPATH\CodeIgniter.php(353): CodeIgniter\CodeIgniter->handleRequest(null, Object(Config\Cache), false)
 9 FCPATH\index.php(79): CodeIgniter\CodeIgniter->run()
10 SYSTEMPATH\Commands\Server\rewrite.php(47): require_once('C:\\laragon\\www\\rence_Appdev_MusicPlayer\\public\\index.php')
CRITICAL - 2023-09-23 14:48:04 --> Undefined variable $playlists
in APPPATH\Views\music_player.php on line 72.
 1 APPPATH\Views\music_player.php(72): CodeIgniter\Debug\Exceptions->errorHandler(2, 'Undefined variable $playlists', 'C:\\laragon\\www\\rence_Appdev_MusicPlayer\\app\\Views\\music_player.php', 72)
 2 SYSTEMPATH\View\View.php(226): include('C:\\laragon\\www\\rence_Appdev_MusicPlayer\\app\\Views\\music_player.php')
 3 SYSTEMPATH\View\View.php(229): CodeIgniter\View\View->CodeIgniter\View\{closure}()
 4 SYSTEMPATH\Common.php(1188): CodeIgniter\View\View->render('music_player', [], true)
 5 APPPATH\Controllers\MusicController.php(10): view('music_player')
 6 SYSTEMPATH\CodeIgniter.php(919): App\Controllers\MusicController->index()
 7 SYSTEMPATH\CodeIgniter.php(494): CodeIgniter\CodeIgniter->runController(Object(App\Controllers\MusicController))
 8 SYSTEMPATH\CodeIgniter.php(353): CodeIgniter\CodeIgniter->handleRequest(null, Object(Config\Cache), false)
 9 FCPATH\index.php(79): CodeIgniter\CodeIgniter->run()
10 SYSTEMPATH\Commands\Server\rewrite.php(47): require_once('C:\\laragon\\www\\rence_Appdev_MusicPlayer\\public\\index.php')
CRITICAL - 2023-09-23 14:56:39 --> Undefined variable $playlists
in APPPATH\Views\music_player.php on line 71.
 1 APPPATH\Views\music_player.php(71): CodeIgniter\Debug\Exceptions->errorHandler(2, 'Undefined variable $playlists', 'C:\\laragon\\www\\rence_Appdev_MusicPlayer\\app\\Views\\music_player.php', 71)
 2 SYSTEMPATH\View\View.php(226): include('C:\\laragon\\www\\rence_Appdev_MusicPlayer\\app\\Views\\music_player.php')
 3 SYSTEMPATH\View\View.php(229): CodeIgniter\View\View->CodeIgniter\View\{closure}()
 4 SYSTEMPATH\Common.php(1188): CodeIgniter\View\View->render('music_player', [], true)
 5 APPPATH\Controllers\MusicController.php(24): view('music_player', [...])
 6 SYSTEMPATH\CodeIgniter.php(919): App\Controllers\MusicController->createPlaylist()
 7 SYSTEMPATH\CodeIgniter.php(494): CodeIgniter\CodeIgniter->runController(Object(App\Controllers\MusicController))
 8 SYSTEMPATH\CodeIgniter.php(353): CodeIgniter\CodeIgniter->handleRequest(null, Object(Config\Cache), false)
 9 FCPATH\index.php(79): CodeIgniter\CodeIgniter->run()
10 SYSTEMPATH\Commands\Server\rewrite.php(47): require_once('C:\\laragon\\www\\rence_Appdev_MusicPlayer\\public\\index.php')
CRITICAL - 2023-09-23 16:14:32 --> Undefined variable $musicTracks
in APPPATH\Views\music_player.php on line 128.
 1 APPPATH\Views\music_player.php(128): CodeIgniter\Debug\Exceptions->errorHandler(2, 'Undefined variable $musicTracks', 'C:\\laragon\\www\\rence_Appdev_MusicPlayer\\app\\Views\\music_player.php', 128)
 2 SYSTEMPATH\View\View.php(226): include('C:\\laragon\\www\\rence_Appdev_MusicPlayer\\app\\Views\\music_player.php')
 3 SYSTEMPATH\View\View.php(229): CodeIgniter\View\View->CodeIgniter\View\{closure}()
 4 SYSTEMPATH\Common.php(1188): CodeIgniter\View\View->render('music_player', [], true)
 5 APPPATH\Controllers\MusicController.php(10): view('music_player')
 6 SYSTEMPATH\CodeIgniter.php(919): App\Controllers\MusicController->index()
 7 SYSTEMPATH\CodeIgniter.php(494): CodeIgniter\CodeIgniter->runController(Object(App\Controllers\MusicController))
 8 SYSTEMPATH\CodeIgniter.php(353): CodeIgniter\CodeIgniter->handleRequest(null, Object(Config\Cache), false)
 9 FCPATH\index.php(79): CodeIgniter\CodeIgniter->run()
10 SYSTEMPATH\Commands\Server\rewrite.php(47): require_once('C:\\laragon\\www\\rence_Appdev_MusicPlayer\\public\\index.php')
CRITICAL - 2023-09-23 16:17:20 --> Undefined variable $musicTracks
in APPPATH\Views\music_player.php on line 128.
 1 APPPATH\Views\music_player.php(128): CodeIgniter\Debug\Exceptions->errorHandler(2, 'Undefined variable $musicTracks', 'C:\\laragon\\www\\rence_Appdev_MusicPlayer\\app\\Views\\music_player.php', 128)
 2 SYSTEMPATH\View\View.php(226): include('C:\\laragon\\www\\rence_Appdev_MusicPlayer\\app\\Views\\music_player.php')
 3 SYSTEMPATH\View\View.php(229): CodeIgniter\View\View->CodeIgniter\View\{closure}()
 4 SYSTEMPATH\Common.php(1188): CodeIgniter\View\View->render('music_player', [], true)
 5 APPPATH\Controllers\MusicController.php(10): view('music_player')
 6 SYSTEMPATH\CodeIgniter.php(919): App\Controllers\MusicController->index()
 7 SYSTEMPATH\CodeIgniter.php(494): CodeIgniter\CodeIgniter->runController(Object(App\Controllers\MusicController))
 8 SYSTEMPATH\CodeIgniter.php(353): CodeIgniter\CodeIgniter->handleRequest(null, Object(Config\Cache), false)
 9 FCPATH\index.php(79): CodeIgniter\CodeIgniter->run()
10 SYSTEMPATH\Commands\Server\rewrite.php(47): require_once('C:\\laragon\\www\\rence_Appdev_MusicPlayer\\public\\index.php')
CRITICAL - 2023-09-23 16:17:21 --> Undefined variable $musicTracks
in APPPATH\Views\music_player.php on line 128.
 1 APPPATH\Views\music_player.php(128): CodeIgniter\Debug\Exceptions->errorHandler(2, 'Undefined variable $musicTracks', 'C:\\laragon\\www\\rence_Appdev_MusicPlayer\\app\\Views\\music_player.php', 128)
 2 SYSTEMPATH\View\View.php(226): include('C:\\laragon\\www\\rence_Appdev_MusicPlayer\\app\\Views\\music_player.php')
 3 SYSTEMPATH\View\View.php(229): CodeIgniter\View\View->CodeIgniter\View\{closure}()
 4 SYSTEMPATH\Common.php(1188): CodeIgniter\View\View->render('music_player', [], true)
 5 APPPATH\Controllers\MusicController.php(10): view('music_player')
 6 SYSTEMPATH\CodeIgniter.php(919): App\Controllers\MusicController->index()
 7 SYSTEMPATH\CodeIgniter.php(494): CodeIgniter\CodeIgniter->runController(Object(App\Controllers\MusicController))
 8 SYSTEMPATH\CodeIgniter.php(353): CodeIgniter\CodeIgniter->handleRequest(null, Object(Config\Cache), false)
 9 FCPATH\index.php(79): CodeIgniter\CodeIgniter->run()
10 SYSTEMPATH\Commands\Server\rewrite.php(47): require_once('C:\\laragon\\www\\rence_Appdev_MusicPlayer\\public\\index.php')
CRITICAL - 2023-09-23 16:17:21 --> Undefined variable $musicTracks
in APPPATH\Views\music_player.php on line 128.
 1 APPPATH\Views\music_player.php(128): CodeIgniter\Debug\Exceptions->errorHandler(2, 'Undefined variable $musicTracks', 'C:\\laragon\\www\\rence_Appdev_MusicPlayer\\app\\Views\\music_player.php', 128)
 2 SYSTEMPATH\View\View.php(226): include('C:\\laragon\\www\\rence_Appdev_MusicPlayer\\app\\Views\\music_player.php')
 3 SYSTEMPATH\View\View.php(229): CodeIgniter\View\View->CodeIgniter\View\{closure}()
 4 SYSTEMPATH\Common.php(1188): CodeIgniter\View\View->render('music_player', [], true)
 5 APPPATH\Controllers\MusicController.php(10): view('music_player')
 6 SYSTEMPATH\CodeIgniter.php(919): App\Controllers\MusicController->index()
 7 SYSTEMPATH\CodeIgniter.php(494): CodeIgniter\CodeIgniter->runController(Object(App\Controllers\MusicController))
 8 SYSTEMPATH\CodeIgniter.php(353): CodeIgniter\CodeIgniter->handleRequest(null, Object(Config\Cache), false)
 9 FCPATH\index.php(79): CodeIgniter\CodeIgniter->run()
10 SYSTEMPATH\Commands\Server\rewrite.php(47): require_once('C:\\laragon\\www\\rence_Appdev_MusicPlayer\\public\\index.php')
CRITICAL - 2023-09-23 16:22:36 --> Class "App\Controllers\MusicModel" not found
in APPPATH\Controllers\MusicController.php on line 49.
 1 SYSTEMPATH\CodeIgniter.php(919): App\Controllers\MusicController->uploadMusic()
 2 SYSTEMPATH\CodeIgniter.php(494): CodeIgniter\CodeIgniter->runController(Object(App\Controllers\MusicController))
 3 SYSTEMPATH\CodeIgniter.php(353): CodeIgniter\CodeIgniter->handleRequest(null, Object(Config\Cache), false)
 4 FCPATH\index.php(79): CodeIgniter\CodeIgniter->run()
 5 SYSTEMPATH\Commands\Server\rewrite.php(47): require_once('C:\\laragon\\www\\rence_Appdev_MusicPlayer\\public\\index.php')
CRITICAL - 2023-09-23 17:30:59 --> Undefined variable $musicTracks
in APPPATH\Views\music_player.php on line 155.
 1 APPPATH\Views\music_player.php(155): CodeIgniter\Debug\Exceptions->errorHandler(2, 'Undefined variable $musicTracks', 'C:\\laragon\\www\\rence_Appdev_MusicPlayer\\app\\Views\\music_player.php', 155)
 2 SYSTEMPATH\View\View.php(226): include('C:\\laragon\\www\\rence_Appdev_MusicPlayer\\app\\Views\\music_player.php')
 3 SYSTEMPATH\View\View.php(229): CodeIgniter\View\View->CodeIgniter\View\{closure}()
 4 SYSTEMPATH\Common.php(1188): CodeIgniter\View\View->render('music_player', [], true)
 5 APPPATH\Controllers\MusicController.php(16): view('music_player', [...])
 6 SYSTEMPATH\CodeIgniter.php(919): App\Controllers\MusicController->index()
 7 SYSTEMPATH\CodeIgniter.php(494): CodeIgniter\CodeIgniter->runController(Object(App\Controllers\MusicController))
 8 SYSTEMPATH\CodeIgniter.php(353): CodeIgniter\CodeIgniter->handleRequest(null, Object(Config\Cache), false)
 9 FCPATH\index.php(79): CodeIgniter\CodeIgniter->run()
10 SYSTEMPATH\Commands\Server\rewrite.php(47): require_once('C:\\laragon\\www\\rence_Appdev_MusicPlayer\\public\\index.php')
CRITICAL - 2023-09-23 17:32:06 --> Class "App\Controllers\MusicModel" not found
in APPPATH\Controllers\MusicController.php on line 13.
 1 SYSTEMPATH\CodeIgniter.php(919): App\Controllers\MusicController->index()
 2 SYSTEMPATH\CodeIgniter.php(494): CodeIgniter\CodeIgniter->runController(Object(App\Controllers\MusicController))
 3 SYSTEMPATH\CodeIgniter.php(353): CodeIgniter\CodeIgniter->handleRequest(null, Object(Config\Cache), false)
 4 FCPATH\index.php(79): CodeIgniter\CodeIgniter->run()
 5 SYSTEMPATH\Commands\Server\rewrite.php(47): require_once('C:\\laragon\\www\\rence_Appdev_MusicPlayer\\public\\index.php')
CRITICAL - 2023-09-23 17:32:11 --> Class "App\Controllers\MusicModel" not found
in APPPATH\Controllers\MusicController.php on line 13.
 1 SYSTEMPATH\CodeIgniter.php(919): App\Controllers\MusicController->index()
 2 SYSTEMPATH\CodeIgniter.php(494): CodeIgniter\CodeIgniter->runController(Object(App\Controllers\MusicController))
 3 SYSTEMPATH\CodeIgniter.php(353): CodeIgniter\CodeIgniter->handleRequest(null, Object(Config\Cache), false)
 4 FCPATH\index.php(79): CodeIgniter\CodeIgniter->run()
 5 SYSTEMPATH\Commands\Server\rewrite.php(47): require_once('C:\\laragon\\www\\rence_Appdev_MusicPlayer\\public\\index.php')
CRITICAL - 2023-09-23 17:34:42 --> Undefined variable $musicTracks
in APPPATH\Views\music_player.php on line 155.
 1 APPPATH\Views\music_player.php(155): CodeIgniter\Debug\Exceptions->errorHandler(2, 'Undefined variable $musicTracks', 'C:\\laragon\\www\\rence_Appdev_MusicPlayer\\app\\Views\\music_player.php', 155)
 2 SYSTEMPATH\View\View.php(226): include('C:\\laragon\\www\\rence_Appdev_MusicPlayer\\app\\Views\\music_player.php')
 3 SYSTEMPATH\View\View.php(229): CodeIgniter\View\View->CodeIgniter\View\{closure}()
 4 SYSTEMPATH\Common.php(1188): CodeIgniter\View\View->render('music_player', [], true)
 5 APPPATH\Controllers\MusicController.php(12): view('music_player')
 6 SYSTEMPATH\CodeIgniter.php(919): App\Controllers\MusicController->index()
 7 SYSTEMPATH\CodeIgniter.php(494): CodeIgniter\CodeIgniter->runController(Object(App\Controllers\MusicController))
 8 SYSTEMPATH\CodeIgniter.php(353): CodeIgniter\CodeIgniter->handleRequest(null, Object(Config\Cache), false)
 9 FCPATH\index.php(79): CodeIgniter\CodeIgniter->run()
10 SYSTEMPATH\Commands\Server\rewrite.php(47): require_once('C:\\laragon\\www\\rence_Appdev_MusicPlayer\\public\\index.php')
CRITICAL - 2023-09-23 17:34:43 --> Undefined variable $musicTracks
in APPPATH\Views\music_player.php on line 155.
 1 APPPATH\Views\music_player.php(155): CodeIgniter\Debug\Exceptions->errorHandler(2, 'Undefined variable $musicTracks', 'C:\\laragon\\www\\rence_Appdev_MusicPlayer\\app\\Views\\music_player.php', 155)
 2 SYSTEMPATH\View\View.php(226): include('C:\\laragon\\www\\rence_Appdev_MusicPlayer\\app\\Views\\music_player.php')
 3 SYSTEMPATH\View\View.php(229): CodeIgniter\View\View->CodeIgniter\View\{closure}()
 4 SYSTEMPATH\Common.php(1188): CodeIgniter\View\View->render('music_player', [], true)
 5 APPPATH\Controllers\MusicController.php(12): view('music_player')
 6 SYSTEMPATH\CodeIgniter.php(919): App\Controllers\MusicController->index()
 7 SYSTEMPATH\CodeIgniter.php(494): CodeIgniter\CodeIgniter->runController(Object(App\Controllers\MusicController))
 8 SYSTEMPATH\CodeIgniter.php(353): CodeIgniter\CodeIgniter->handleRequest(null, Object(Config\Cache), false)
 9 FCPATH\index.php(79): CodeIgniter\CodeIgniter->run()
10 SYSTEMPATH\Commands\Server\rewrite.php(47): require_once('C:\\laragon\\www\\rence_Appdev_MusicPlayer\\public\\index.php')
CRITICAL - 2023-09-23 17:34:44 --> Undefined variable $musicTracks
in APPPATH\Views\music_player.php on line 155.
 1 APPPATH\Views\music_player.php(155): CodeIgniter\Debug\Exceptions->errorHandler(2, 'Undefined variable $musicTracks', 'C:\\laragon\\www\\rence_Appdev_MusicPlayer\\app\\Views\\music_player.php', 155)
 2 SYSTEMPATH\View\View.php(226): include('C:\\laragon\\www\\rence_Appdev_MusicPlayer\\app\\Views\\music_player.php')
 3 SYSTEMPATH\View\View.php(229): CodeIgniter\View\View->CodeIgniter\View\{closure}()
 4 SYSTEMPATH\Common.php(1188): CodeIgniter\View\View->render('music_player', [], true)
 5 APPPATH\Controllers\MusicController.php(12): view('music_player')
 6 SYSTEMPATH\CodeIgniter.php(919): App\Controllers\MusicController->index()
 7 SYSTEMPATH\CodeIgniter.php(494): CodeIgniter\CodeIgniter->runController(Object(App\Controllers\MusicController))
 8 SYSTEMPATH\CodeIgniter.php(353): CodeIgniter\CodeIgniter->handleRequest(null, Object(Config\Cache), false)
 9 FCPATH\index.php(79): CodeIgniter\CodeIgniter->run()
10 SYSTEMPATH\Commands\Server\rewrite.php(47): require_once('C:\\laragon\\www\\rence_Appdev_MusicPlayer\\public\\index.php')
